This file contains any messages produced by compilers while
running configure, to aid debugging if configure makes a mistake.

It was created by libenet configure 1.3.6, which was
generated by GNU Autoconf 2.69.  Invocation command line was

  $ ./configure --enable-shared=no --enable-static=yes --no-create --no-recursion

## --------- ##
## Platform. ##
## --------- ##

hostname = jackly-desktop
uname -m = x86_64
uname -r = 4.4.0-22-generic
uname -s = Linux
uname -v = #39-Ubuntu SMP Thu May 5 16:53:32 UTC 2016

/usr/bin/uname -p = unknown
/bin/uname -X     = unknown

/bin/arch              = unknown
/usr/bin/arch -k       = unknown
/usr/convex/getsysinfo = unknown
/usr/bin/hostinfo      = unknown
/bin/machine           = unknown
/usr/bin/oslevel       = unknown
/bin/universe          = unknown

PATH: /usr/local/sbin
PATH: /usr/local/bin
PATH: /usr/sbin
PATH: /usr/bin
PATH: /sbin
PATH: /bin
PATH: /usr/games
PATH: /usr/local/games
PATH: /snap/bin


## ----------- ##
## Core tests. ##
## ----------- ##

configure:2277: checking for a BSD-compatible install
configure:2345: result: /usr/bin/install -c
configure:2356: checking whether build environment is sane
configure:2406: result: yes
configure:2547: checking for a thread-safe mkdir -p
configure:2586: result: /bin/mkdir -p
configure:2599: checking for gawk
configure:2629: result: no
configure:2599: checking for mawk
configure:2615: found /usr/bin/mawk
configure:2626: result: mawk
configure:2637: checking whether make sets $(MAKE)
configure:2659: result: yes
configure:2740: checking whether to enable maintainer-specific portions of Makefiles
configure:2749: result: yes
configure:2813: checking for gcc
configure:2829: found /usr/bin/gcc
configure:2840: result: gcc
configure:3069: checking for C compiler version
configure:3078: gcc --version >&5
gcc (Ubuntu 5.3.1-14ubuntu2.1) 5.3.1 20160413
Copyright (C) 2015 Free Software Foundation, Inc.
This is free software; see the source for copying conditions.  There is NO
warranty; not even for MERCHANTABILITY or FITNESS FOR A PARTICULAR PURPOSE.

configure:3089: $? = 0
configure:3078: gcc -v >&5
Using built-in specs.
COLLECT_GCC=gcc
COLLECT_LTO_WRAPPER=/usr/lib/gcc/x86_64-linux-gnu/5/lto-wrapper
Target: x86_64-linux-gnu
Configured with: ../src/configure -v --with-pkgversion='Ubuntu 5.3.1-14ubuntu2.1' --with-bugurl=file:///usr/share/doc/gcc-5/README.Bugs --enable-languages=c,ada,c++,java,go,d,fortran,objc,obj-c++ --prefix=/usr --program-suffix=-5 --enable-shared --enable-linker-build-id --libexecdir=/usr/lib --without-included-gettext --enable-threads=posix --libdir=/usr/lib --enable-nls --with-sysroot=/ --enable-clocale=gnu --enable-libstdcxx-debug --enable-libstdcxx-time=yes --with-default-libstdcxx-abi=new --enable-gnu-unique-object --disable-vtable-verify --enable-libmpx --enable-plugin --with-system-zlib --disable-browser-plugin --enable-java-awt=gtk --enable-gtk-cairo --with-java-home=/usr/lib/jvm/java-1.5.0-gcj-5-amd64/jre --enable-java-home --with-jvm-root-dir=/usr/lib/jvm/java-1.5.0-gcj-5-amd64 --with-jvm-jar-dir=/usr/lib/jvm-exports/java-1.5.0-gcj-5-amd64 --with-arch-directory=amd64 --with-ecj-jar=/usr/share/java/eclipse-ecj.jar --enable-objc-gc --enable-multiarch --disable-werror --with-arch-32=i686 --with-abi=m64 --with-multilib-list=m32,m64,mx32 --enable-multilib --with-tune=generic --enable-checking=release --build=x86_64-linux-gnu --host=x86_64-linux-gnu --target=x86_64-linux-gnu
Thread model: posix
gcc version 5.3.1 20160413 (Ubuntu 5.3.1-14ubuntu2.1) 
configure:3089: $? = 0
configure:3078: gcc -V >&5
gcc: error: unrecognized command line option '-V'
gcc: fatal error: no input files
compilation terminated.
configure:3089: $? = 1
configure:3078: gcc -qversion >&5
gcc: error: unrecognized command line option '-qversion'
gcc: fatal error: no input files
compilation terminated.
configure:3089: $? = 1
configure:3109: checking whether the C compiler works
configure:3131: gcc    conftest.c  >&5
configure:3135: $? = 0
configure:3183: result: yes
configure:3186: checking for C compiler default output file name
configure:3188: result: a.out
configure:3194: checking for suffix of executables
configure:3201: gcc -o conftest    conftest.c  >&5
configure:3205: $? = 0
configure:3227: result: 
configure:3249: checking whether we are cross compiling
configure:3257: gcc -o conftest    conftest.c  >&5
configure:3261: $? = 0
configure:3268: ./conftest
configure:3272: $? = 0
configure:3287: result: no
configure:3292: checking for suffix of object files
configure:3314: gcc -c   conftest.c >&5
configure:3318: $? = 0
configure:3339: result: o
configure:3343: checking whether we are using the GNU C compiler
configure:3362: gcc -c   conftest.c >&5
configure:3362: $? = 0
configure:3371: result: yes
configure:3380: checking whether gcc accepts -g
configure:3400: gcc -c -g  conftest.c >&5
configure:3400: $? = 0
configure:3441: result: yes
configure:3458: checking for gcc option to accept ISO C89
configure:3521: gcc  -c -g -O2  conftest.c >&5
configure:3521: $? = 0
configure:3534: result: none needed
configure:3565: checking for style of include used by make
configure:3593: result: GNU
configure:3619: checking dependency style of gcc
configure:3730: result: gcc3
configure:3774: checking build system type
configure:3788: result: x86_64-unknown-linux-gnu
configure:3808: checking host system type
configure:3821: result: x86_64-unknown-linux-gnu
configure:3862: checking how to print strings
configure:3889: result: printf
configure:3910: checking for a sed that does not truncate output
configure:3974: result: /bin/sed
configure:3992: checking for grep that handles long lines and -e
configure:4050: result: /bin/grep
configure:4055: checking for egrep
configure:4117: result: /bin/grep -E
configure:4122: checking for fgrep
configure:4184: result: /bin/grep -F
configure:4219: checking for ld used by gcc
configure:4286: result: /usr/bin/ld
configure:4293: checking if the linker (/usr/bin/ld) is GNU ld
configure:4308: result: yes
configure:4320: checking for BSD- or MS-compatible name lister (nm)
configure:4369: result: /usr/bin/nm -B
configure:4499: checking the name lister (/usr/bin/nm -B) interface
configure:4506: gcc -c -g -O2  conftest.c >&5
configure:4509: /usr/bin/nm -B "conftest.o"
configure:4512: output
0000000000000000 B some_variable
configure:4519: result: BSD nm
configure:4522: checking whether ln -s works
configure:4526: result: yes
configure:4534: checking the maximum length of command line arguments
configure:4664: result: 1572864
configure:4681: checking whether the shell understands some XSI constructs
configure:4691: result: yes
configure:4695: checking whether the shell understands "+="
configure:4701: result: yes
configure:4736: checking how to convert x86_64-unknown-linux-gnu file names to x86_64-unknown-linux-gnu format
configure:4776: result: func_convert_file_noop
configure:4783: checking how to convert x86_64-unknown-linux-gnu file names to toolchain format
configure:4803: result: func_convert_file_noop
configure:4810: checking for /usr/bin/ld option to reload object files
configure:4817: result: -r
configure:4891: checking for objdump
configure:4907: found /usr/bin/objdump
configure:4918: result: objdump
configure:4950: checking how to recognize dependent libraries
configure:5148: result: pass_all
configure:5233: checking for dlltool
configure:5263: result: no
configure:5293: checking how to associate runtime and link libraries
configure:5320: result: printf %s\n
configure:5381: checking for ar
configure:5397: found /usr/bin/ar
configure:5408: result: ar
configure:5445: checking for archiver @FILE support
configure:5462: gcc -c -g -O2  conftest.c >&5
configure:5462: $? = 0
configure:5465: ar cru libconftest.a @conftest.lst >&5
ar: `u' modifier ignored since `D' is the default (see `U')
configure:5468: $? = 0
configure:5473: ar cru libconftest.a @conftest.lst >&5
ar: `u' modifier ignored since `D' is the default (see `U')
ar: conftest.o: No such file or directory
configure:5476: $? = 1
configure:5488: result: @
configure:5546: checking for strip
configure:5562: found /usr/bin/strip
configure:5573: result: strip
configure:5645: checking for ranlib
configure:5661: found /usr/bin/ranlib
configure:5672: result: ranlib
configure:5774: checking command to parse /usr/bin/nm -B output from gcc object
configure:5894: gcc -c -g -O2  conftest.c >&5
configure:5897: $? = 0
configure:5901: /usr/bin/nm -B conftest.o \| sed -n -e 's/^.*[ ]\([ABCDGIRSTW][ABCDGIRSTW]*\)[ ][ ]*\([_A-Za-z][_A-Za-z0-9]*\)$/\1 \2 \2/p' | sed '/ __gnu_lto/d' \> conftest.nm
configure:5904: $? = 0
configure:5970: gcc -o conftest -g -O2   conftest.c conftstm.o >&5
configure:5973: $? = 0
configure:6011: result: ok
configure:6048: checking for sysroot
configure:6078: result: no
configure:6155: gcc -c -g -O2  conftest.c >&5
configure:6158: $? = 0
configure:6334: checking for mt
configure:6350: found /bin/mt
configure:6361: result: mt
configure:6384: checking if mt is a manifest tool
configure:6390: mt '-?'
configure:6398: result: no
configure:7040: checking how to run the C preprocessor
configure:7071: gcc -E  conftest.c
configure:7071: $? = 0
configure:7085: gcc -E  conftest.c
conftest.c:11:28: fatal error: ac_nonexistent.h: No such file or directory
compilation terminated.
configure:7085: $? = 1
configure: failed program was:
| /* confdefs.h */
| #define PACKAGE_NAME "libenet"
| #define PACKAGE_TARNAME "libenet"
| #define PACKAGE_VERSION "1.3.6"
| #define PACKAGE_STRING "libenet 1.3.6"
| #define PACKAGE_BUGREPORT ""
| #define PACKAGE_URL ""
| #define PACKAGE "libenet"
| #define VERSION "1.3.6"
| /* end confdefs.h.  */
| #include <ac_nonexistent.h>
configure:7110: result: gcc -E
configure:7130: gcc -E  conftest.c
configure:7130: $? = 0
configure:7144: gcc -E  conftest.c
conftest.c:11:28: fatal error: ac_nonexistent.h: No such file or directory
compilation terminated.
configure:7144: $? = 1
configure: failed program was:
| /* confdefs.h */
| #define PACKAGE_NAME "libenet"
| #define PACKAGE_TARNAME "libenet"
| #define PACKAGE_VERSION "1.3.6"
| #define PACKAGE_STRING "libenet 1.3.6"
| #define PACKAGE_BUGREPORT ""
| #define PACKAGE_URL ""
| #define PACKAGE "libenet"
| #define VERSION "1.3.6"
| /* end confdefs.h.  */
| #include <ac_nonexistent.h>
configure:7173: checking for ANSI C header files
configure:7193: gcc -c -g -O2  conftest.c >&5
configure:7193: $? = 0
configure:7266: gcc -o conftest -g -O2   conftest.c  >&5
configure:7266: $? = 0
configure:7266: ./conftest
configure:7266: $? = 0
configure:7277: result: yes
configure:7290: checking for sys/types.h
configure:7290: gcc -c -g -O2  conftest.c >&5
configure:7290: $? = 0
configure:7290: result: yes
configure:7290: checking for sys/stat.h
configure:7290: gcc -c -g -O2  conftest.c >&5
configure:7290: $? = 0
configure:7290: result: yes
configure:7290: checking for stdlib.h
configure:7290: gcc -c -g -O2  conftest.c >&5
configure:7290: $? = 0
configure:7290: result: yes
configure:7290: checking for string.h
configure:7290: gcc -c -g -O2  conftest.c >&5
configure:7290: $? = 0
configure:7290: result: yes
configure:7290: checking for memory.h
configure:7290: gcc -c -g -O2  conftest.c >&5
configure:7290: $? = 0
configure:7290: result: yes
configure:7290: checking for strings.h
configure:7290: gcc -c -g -O2  conftest.c >&5
configure:7290: $? = 0
configure:7290: result: yes
configure:7290: checking for inttypes.h
configure:7290: gcc -c -g -O2  conftest.c >&5
configure:7290: $? = 0
configure:7290: result: yes
configure:7290: checking for stdint.h
configure:7290: gcc -c -g -O2  conftest.c >&5
configure:7290: $? = 0
configure:7290: result: yes
configure:7290: checking for unistd.h
configure:7290: gcc -c -g -O2  conftest.c >&5
configure:7290: $? = 0
configure:7290: result: yes
configure:7304: checking for dlfcn.h
configure:7304: gcc -c -g -O2  conftest.c >&5
configure:7304: $? = 0
configure:7304: result: yes
configure:7510: checking for objdir
configure:7525: result: .libs
configure:7796: checking if gcc supports -fno-rtti -fno-exceptions
configure:7814: gcc -c -g -O2  -fno-rtti -fno-exceptions conftest.c >&5
cc1: warning: command line option '-fno-rtti' is valid for C++/ObjC++ but not for C
configure:7818: $? = 0
configure:7831: result: no
configure:8158: checking for gcc option to produce PIC
configure:8165: result: -fPIC -DPIC
configure:8173: checking if gcc PIC flag -fPIC -DPIC works
configure:8191: gcc -c -g -O2  -fPIC -DPIC -DPIC conftest.c >&5
configure:8195: $? = 0
configure:8208: result: yes
configure:8237: checking if gcc static flag -static works
configure:8265: result: yes
configure:8280: checking if gcc supports -c -o file.o
configure:8301: gcc -c -g -O2  -o out/conftest2.o conftest.c >&5
configure:8305: $? = 0
configure:8327: result: yes
configure:8335: checking if gcc supports -c -o file.o
configure:8382: result: yes
configure:8415: checking whether the gcc linker (/usr/bin/ld -m elf_x86_64) supports shared libraries
configure:9572: result: yes
configure:9812: checking dynamic linker characteristics
configure:10312: gcc -o conftest -g -O2   -Wl,-rpath -Wl,/foo conftest.c  >&5
configure:10312: $? = 0
configure:10546: result: GNU/Linux ld.so
configure:10653: checking how to hardcode library paths into programs
configure:10678: result: immediate
configure:11218: checking whether stripping libraries is possible
configure:11223: result: yes
configure:11258: checking if libtool supports shared libraries
configure:11260: result: yes
configure:11263: checking whether to build shared libraries
configure:11284: result: no
configure:11287: checking whether to build static libraries
configure:11291: result: yes
configure:11329: checking for gethostbyaddr_r
configure:11329: gcc -o conftest -g -O2   conftest.c  >&5
configure:11329: $? = 0
configure:11329: result: yes
configure:11335: checking for gethostbyname_r
configure:11335: gcc -o conftest -g -O2   conftest.c  >&5
configure:11335: $? = 0
configure:11335: result: yes
configure:11341: checking for poll
configure:11341: gcc -o conftest -g -O2   conftest.c  >&5
configure:11341: $? = 0
configure:11341: result: yes
configure:11347: checking for fcntl
configure:11347: gcc -o conftest -g -O2   conftest.c  >&5
configure:11347: $? = 0
configure:11347: result: yes
configure:11353: checking for inet_pton
configure:11353: gcc -o conftest -g -O2   conftest.c  >&5
configure:11353: $? = 0
configure:11353: result: yes
configure:11359: checking for inet_ntop
configure:11359: gcc -o conftest -g -O2   conftest.c  >&5
configure:11359: $? = 0
configure:11359: result: yes
configure:11366: checking for struct msghdr.msg_flags
configure:11366: gcc -c -g -O2  conftest.c >&5
configure:11366: $? = 0
configure:11366: result: yes
configure:11374: checking for socklen_t
configure:11374: gcc -c -g -O2  conftest.c >&5
configure:11374: $? = 0
configure:11374: gcc -c -g -O2  conftest.c >&5
conftest.c: In function 'main':
conftest.c:37:24: error: expected expression before ')' token
 if (sizeof ((socklen_t)))
                        ^
configure:11374: $? = 1
configure: failed program was:
| /* confdefs.h */
| #define PACKAGE_NAME "libenet"
| #define PACKAGE_TARNAME "libenet"
| #define PACKAGE_VERSION "1.3.6"
| #define PACKAGE_STRING "libenet 1.3.6"
| #define PACKAGE_BUGREPORT ""
| #define PACKAGE_URL ""
| #define PACKAGE "libenet"
| #define VERSION "1.3.6"
| #define STDC_HEADERS 1
| #define HAVE_SYS_TYPES_H 1
| #define HAVE_SYS_STAT_H 1
| #define HAVE_STDLIB_H 1
| #define HAVE_STRING_H 1
| #define HAVE_MEMORY_H 1
| #define HAVE_STRINGS_H 1
| #define HAVE_INTTYPES_H 1
| #define HAVE_STDINT_H 1
| #define HAVE_UNISTD_H 1
| #define HAVE_DLFCN_H 1
| #define LT_OBJDIR ".libs/"
| #define HAS_GETHOSTBYADDR_R 1
| #define HAS_GETHOSTBYNAME_R 1
| #define HAS_POLL 1
| #define HAS_FCNTL 1
| #define HAS_INET_PTON 1
| #define HAS_INET_NTOP 1
| #define HAS_MSGHDR_FLAGS 1
| /* end confdefs.h.  */
| #include <sys/types.h>
|               #include <sys/socket.h>
| 
| 
| int
| main ()
| {
| if (sizeof ((socklen_t)))
| 	    return 0;
|   ;
|   return 0;
| }
configure:11374: result: yes
conftest.c:31:37: fatal error: /usr/include/sys/socket.h: No such file or directory
compilation terminated.
conftest.c:31:20: fatal error: socket.h: No such file or directory
compilation terminated.
configure:11581: creating ./config.status

## ---------------- ##
## Cache variables. ##
## ---------------- ##

ac_cv_build=x86_64-unknown-linux-gnu
ac_cv_c_compiler_gnu=yes
ac_cv_env_CC_set=
ac_cv_env_CC_value=
ac_cv_env_CFLAGS_set=
ac_cv_env_CFLAGS_value=
ac_cv_env_CPPFLAGS_set=
ac_cv_env_CPPFLAGS_value=
ac_cv_env_CPP_set=
ac_cv_env_CPP_value=
ac_cv_env_LDFLAGS_set=
ac_cv_env_LDFLAGS_value=
ac_cv_env_LIBS_set=
ac_cv_env_LIBS_value=
ac_cv_env_build_alias_set=
ac_cv_env_build_alias_value=
ac_cv_env_host_alias_set=
ac_cv_env_host_alias_value=
ac_cv_env_target_alias_set=
ac_cv_env_target_alias_value=
ac_cv_func_fcntl=yes
ac_cv_func_gethostbyaddr_r=yes
ac_cv_func_gethostbyname_r=yes
ac_cv_func_inet_ntop=yes
ac_cv_func_inet_pton=yes
ac_cv_func_poll=yes
ac_cv_header_dlfcn_h=yes
ac_cv_header_inttypes_h=yes
ac_cv_header_memory_h=yes
ac_cv_header_stdc=yes
ac_cv_header_stdint_h=yes
ac_cv_header_stdlib_h=yes
ac_cv_header_string_h=yes
ac_cv_header_strings_h=yes
ac_cv_header_sys_stat_h=yes
ac_cv_header_sys_types_h=yes
ac_cv_header_unistd_h=yes
ac_cv_host=x86_64-unknown-linux-gnu
ac_cv_member_struct_msghdr_msg_flags=yes
ac_cv_objext=o
ac_cv_path_EGREP='/bin/grep -E'
ac_cv_path_FGREP='/bin/grep -F'
ac_cv_path_GREP=/bin/grep
ac_cv_path_SED=/bin/sed
ac_cv_path_install='/usr/bin/install -c'
ac_cv_path_mkdir=/bin/mkdir
ac_cv_prog_AWK=mawk
ac_cv_prog_CPP='gcc -E'
ac_cv_prog_ac_ct_AR=ar
ac_cv_prog_ac_ct_CC=gcc
ac_cv_prog_ac_ct_MANIFEST_TOOL=mt
ac_cv_prog_ac_ct_OBJDUMP=objdump
ac_cv_prog_ac_ct_RANLIB=ranlib
ac_cv_prog_ac_ct_STRIP=strip
ac_cv_prog_cc_c89=
ac_cv_prog_cc_g=yes
ac_cv_prog_make_make_set=yes
ac_cv_type_socklen_t=yes
am_cv_CC_dependencies_compiler_type=gcc3
lt_cv_ar_at_file=@
lt_cv_deplibs_check_method=pass_all
lt_cv_file_magic_cmd='$MAGIC_CMD'
lt_cv_file_magic_test_file=
lt_cv_ld_reload_flag=-r
lt_cv_nm_interface='BSD nm'
lt_cv_objdir=.libs
lt_cv_path_LD=/usr/bin/ld
lt_cv_path_NM='/usr/bin/nm -B'
lt_cv_path_mainfest_tool=no
lt_cv_prog_compiler_c_o=yes
lt_cv_prog_compiler_pic='-fPIC -DPIC'
lt_cv_prog_compiler_pic_works=yes
lt_cv_prog_compiler_rtti_exceptions=no
lt_cv_prog_compiler_static_works=yes
lt_cv_prog_gnu_ld=yes
lt_cv_sharedlib_from_linklib_cmd='printf %s\n'
lt_cv_shlibpath_overrides_runpath=no
lt_cv_sys_global_symbol_pipe='sed -n -e '\''s/^.*[	 ]\([ABCDGIRSTW][ABCDGIRSTW]*\)[	 ][	 ]*\([_A-Za-z][_A-Za-z0-9]*\)$/\1 \2 \2/p'\'' | sed '\''/ __gnu_lto/d'\'''
lt_cv_sys_global_symbol_to_c_name_address='sed -n -e '\''s/^: \([^ ]*\)[ ]*$/  {\"\1\", (void *) 0},/p'\'' -e '\''s/^[ABCDGIRSTW]* \([^ ]*\) \([^ ]*\)$/  {"\2", (void *) \&\2},/p'\'''
lt_cv_sys_global_symbol_to_c_name_address_lib_prefix='sed -n -e '\''s/^: \([^ ]*\)[ ]*$/  {\"\1\", (void *) 0},/p'\'' -e '\''s/^[ABCDGIRSTW]* \([^ ]*\) \(lib[^ ]*\)$/  {"\2", (void *) \&\2},/p'\'' -e '\''s/^[ABCDGIRSTW]* \([^ ]*\) \([^ ]*\)$/  {"lib\2", (void *) \&\2},/p'\'''
lt_cv_sys_global_symbol_to_cdecl='sed -n -e '\''s/^T .* \(.*\)$/extern int \1();/p'\'' -e '\''s/^[ABCDGIRSTW]* .* \(.*\)$/extern char \1;/p'\'''
lt_cv_sys_max_cmd_len=1572864
lt_cv_to_host_file_cmd=func_convert_file_noop
lt_cv_to_tool_file_cmd=func_convert_file_noop

## ----------------- ##
## Output variables. ##
## ----------------- ##

ACLOCAL='${SHELL} /home/jackly/sauerbraten/src/enet/missing --run aclocal-1.11'
AMDEPBACKSLASH='\'
AMDEP_FALSE='#'
AMDEP_TRUE=''
AMTAR='$${TAR-tar}'
AR='ar'
AUTOCONF='${SHELL} /home/jackly/sauerbraten/src/enet/missing --run autoconf'
AUTOHEADER='${SHELL} /home/jackly/sauerbraten/src/enet/missing --run autoheader'
AUTOMAKE='${SHELL} /home/jackly/sauerbraten/src/enet/missing --run automake-1.11'
AWK='mawk'
CC='gcc'
CCDEPMODE='depmode=gcc3'
CFLAGS='-g -O2'
CPP='gcc -E'
CPPFLAGS=''
CYGPATH_W='echo'
DEFS='-DPACKAGE_NAME=\"libenet\" -DPACKAGE_TARNAME=\"libenet\" -DPACKAGE_VERSION=\"1.3.6\" -DPACKAGE_STRING=\"libenet\ 1.3.6\" -DPACKAGE_BUGREPORT=\"\" -DPACKAGE_URL=\"\" -DPACKAGE=\"libenet\" -DVERSION=\"1.3.6\" -DSTDC_HEADERS=1 -DHAVE_SYS_TYPES_H=1 -DHAVE_SYS_STAT_H=1 -DHAVE_STDLIB_H=1 -DHAVE_STRING_H=1 -DHAVE_MEMORY_H=1 -DHAVE_STRINGS_H=1 -DHAVE_INTTYPES_H=1 -DHAVE_STDINT_H=1 -DHAVE_UNISTD_H=1 -DHAVE_DLFCN_H=1 -DLT_OBJDIR=\".libs/\" -DHAS_GETHOSTBYADDR_R=1 -DHAS_GETHOSTBYNAME_R=1 -DHAS_POLL=1 -DHAS_FCNTL=1 -DHAS_INET_PTON=1 -DHAS_INET_NTOP=1 -DHAS_MSGHDR_FLAGS=1 -DHAS_SOCKLEN_T=1'
DEPDIR='.deps'
DLLTOOL='false'
DSYMUTIL=''
DUMPBIN=''
ECHO_C=''
ECHO_N='-n'
ECHO_T=''
EGREP='/bin/grep -E'
EXEEXT=''
FGREP='/bin/grep -F'
GREP='/bin/grep'
INSTALL_DATA='${INSTALL} -m 644'
INSTALL_PROGRAM='${INSTALL}'
INSTALL_SCRIPT='${INSTALL}'
INSTALL_STRIP_PROGRAM='$(install_sh) -c -s'
LD='/usr/bin/ld -m elf_x86_64'
LDFLAGS=''
LIBOBJS=''
LIBS=''
LIBTOOL='$(SHELL) $(top_builddir)/libtool'
LIPO=''
LN_S='ln -s'
LTLIBOBJS=''
MAINT=''
MAINTAINER_MODE_FALSE='#'
MAINTAINER_MODE_TRUE=''
MAKEINFO='${SHELL} /home/jackly/sauerbraten/src/enet/missing --run makeinfo'
MANIFEST_TOOL=':'
MKDIR_P='/bin/mkdir -p'
NM='/usr/bin/nm -B'
NMEDIT=''
OBJDUMP='objdump'
OBJEXT='o'
OTOOL64=''
OTOOL=''
PACKAGE='libenet'
PACKAGE_BUGREPORT=''
PACKAGE_NAME='libenet'
PACKAGE_STRING='libenet 1.3.6'
PACKAGE_TARNAME='libenet'
PACKAGE_URL=''
PACKAGE_VERSION='1.3.6'
PATH_SEPARATOR=':'
RANLIB='ranlib'
SED='/bin/sed'
SET_MAKE=''
SHELL='/bin/bash'
STRIP='strip'
VERSION='1.3.6'
ac_ct_AR='ar'
ac_ct_CC='gcc'
ac_ct_DUMPBIN=''
am__EXEEXT_FALSE=''
am__EXEEXT_TRUE='#'
am__fastdepCC_FALSE='#'
am__fastdepCC_TRUE=''
am__include='include'
am__isrc=''
am__leading_dot='.'
am__nodep='_no'
am__quote=''
am__tar='$${TAR-tar} chof - "$$tardir"'
am__untar='$${TAR-tar} xf -'
bindir='${exec_prefix}/bin'
build='x86_64-unknown-linux-gnu'
build_alias=''
build_cpu='x86_64'
build_os='linux-gnu'
build_vendor='unknown'
datadir='${datarootdir}'
datarootdir='${prefix}/share'
docdir='${datarootdir}/doc/${PACKAGE_TARNAME}'
dvidir='${docdir}'
exec_prefix='${prefix}'
host='x86_64-unknown-linux-gnu'
host_alias=''
host_cpu='x86_64'
host_os='linux-gnu'
host_vendor='unknown'
htmldir='${docdir}'
includedir='${prefix}/include'
infodir='${datarootdir}/info'
install_sh='${SHELL} /home/jackly/sauerbraten/src/enet/install-sh'
libdir='${exec_prefix}/lib'
libexecdir='${exec_prefix}/libexec'
localedir='${datarootdir}/locale'
localstatedir='${prefix}/var'
mandir='${datarootdir}/man'
mkdir_p='/bin/mkdir -p'
oldincludedir='/usr/include'
pdfdir='${docdir}'
prefix='/usr/local'
program_transform_name='s,x,x,'
psdir='${docdir}'
runstatedir='${localstatedir}/run'
sbindir='${exec_prefix}/sbin'
sharedstatedir='${prefix}/com'
sysconfdir='${prefix}/etc'
target_alias=''

## ----------- ##
## confdefs.h. ##
## ----------- ##

/* confdefs.h */
#define PACKAGE_NAME "libenet"
#define PACKAGE_TARNAME "libenet"
#define PACKAGE_VERSION "1.3.6"
#define PACKAGE_STRING "libenet 1.3.6"
#define PACKAGE_BUGREPORT ""
#define PACKAGE_URL ""
#define PACKAGE "libenet"
#define VERSION "1.3.6"
#define STDC_HEADERS 1
#define HAVE_SYS_TYPES_H 1
#define HAVE_SYS_STAT_H 1
#define HAVE_STDLIB_H 1
#define HAVE_STRING_H 1
#define HAVE_MEMORY_H 1
#define HAVE_STRINGS_H 1
#define HAVE_INTTYPES_H 1
#define HAVE_STDINT_H 1
#define HAVE_UNISTD_H 1
#define HAVE_DLFCN_H 1
#define LT_OBJDIR ".libs/"
#define HAS_GETHOSTBYADDR_R 1
#define HAS_GETHOSTBYNAME_R 1
#define HAS_POLL 1
#define HAS_FCNTL 1
#define HAS_INET_PTON 1
#define HAS_INET_NTOP 1
#define HAS_MSGHDR_FLAGS 1
#define HAS_SOCKLEN_T 1

configure: exit 0

## ---------------------- ##
## Running config.status. ##
## ---------------------- ##

This file was extended by libenet config.status 1.3.6, which was
generated by GNU Autoconf 2.69.  Invocation command line was

  CONFIG_FILES    = 
  CONFIG_HEADERS  = 
  CONFIG_LINKS    = 
  CONFIG_COMMANDS = 
  $ ./config.status 

on jackly-desktop

config.status:1004: creating Makefile
config.status:1004: creating libenet.pc
config.status:1176: executing depfiles commands
config.status:1176: executing libtool commands
